\BOOKMARK [1][-]{section.1}{Introduction}{}% 1
\BOOKMARK [1][-]{section.2}{Models}{}% 2
\BOOKMARK [2][-]{subsection.2.1}{Word Embedding Layer}{section.2}% 3
\BOOKMARK [2][-]{subsection.2.2}{Contextual Embedding Layer}{section.2}% 4
\BOOKMARK [2][-]{subsection.2.3}{Attention Flow Layer}{section.2}% 5
\BOOKMARK [3][-]{subsubsection.2.3.1}{Context-to-query Attention}{subsection.2.3}% 6
\BOOKMARK [3][-]{subsubsection.2.3.2}{Query-to-context Attention}{subsection.2.3}% 7
\BOOKMARK [2][-]{subsection.2.4}{Modeling Layer}{section.2}% 8
\BOOKMARK [2][-]{subsection.2.5}{Output Layer}{section.2}% 9
\BOOKMARK [1][-]{section.3}{Experiment}{}% 10
\BOOKMARK [2][-]{subsection.3.1}{Dataset}{section.3}% 11
\BOOKMARK [2][-]{subsection.3.2}{Baseline}{section.3}% 12
\BOOKMARK [2][-]{subsection.3.3}{Modified Model}{section.3}% 13
\BOOKMARK [2][-]{subsection.3.4}{Model Details}{section.3}% 14
\BOOKMARK [1][-]{section.4}{Result}{}% 15
\BOOKMARK [2][-]{subsection.4.1}{Discussion}{section.4}% 16
\BOOKMARK [2][-]{subsection.4.2}{Error Analysis}{section.4}% 17
\BOOKMARK [1][-]{section.5}{Conclusion}{}% 18
\BOOKMARK [1][-]{section.6}{Headings: first level}{}% 19
\BOOKMARK [2][-]{subsection.6.1}{Headings: second level}{section.6}% 20
\BOOKMARK [3][-]{subsubsection.6.1.1}{Headings: third level}{subsection.6.1}% 21
\BOOKMARK [1][-]{section.7}{Citations, figures, tables, references}{}% 22
\BOOKMARK [2][-]{subsection.7.1}{Citations within the text}{section.7}% 23
\BOOKMARK [2][-]{subsection.7.2}{Footnotes}{section.7}% 24
\BOOKMARK [2][-]{subsection.7.3}{Figures}{section.7}% 25
\BOOKMARK [2][-]{subsection.7.4}{Tables}{section.7}% 26
\BOOKMARK [1][-]{section.8}{Final instructions}{}% 27
